<?xml version="1.0" encoding="UTF-8"?>
<testng-results ignored="0" total="1" passed="1" failed="0" skipped="0">
  <reporter-output>
  </reporter-output>
  <suite started-at="2022-05-20T13:06:37 IST" name="Default suite" finished-at="2022-05-20T13:07:15 IST" duration-ms="38322">
    <groups>
    </groups>
    <test started-at="2022-05-20T13:06:37 IST" name="Default test" finished-at="2022-05-20T13:07:15 IST" duration-ms="38322">
      <class name="ajd.bas">
        <test-method signature="forget()[pri:0, instance:ajd.bas@732c2a62]" started-at="2022-05-20T13:06:37 IST" name="forget" finished-at="2022-05-20T13:07:15 IST" duration-ms="38200" status="PASS">
          <reporter-output>
          </reporter-output>
        </test-method> <!-- forget -->
      </class> <!-- ajd.bas -->
    </test> <!-- Default test -->
  </suite> <!-- Default suite -->
</testng-results>
